<?xml version="1.0" encoding="UTF-8"?>
<!-- Generated by org.testng.reporters.JUnitReportReporter -->
<testsuite hostname="LAPTOP-PHMOQR85" failures="0" tests="1" name="com.suite.OmayoSuite" time="7.127" errors="0" timestamp="16 Mar 2023 11:18:46 GMT">
  <testcase classname="com.suite.OmayoSuite" name="testOmayoTable" time="7.127"/>
</testsuite> <!-- com.suite.OmayoSuite -->
